Arguments: 
  C:\Program Files\nodejs\node.exe C:\Users\MAHMUD\AppData\Roaming\npm\node_modules\yarn\bin\yarn.js add v1.22.10

PATH: 
  C:\Program Files (x86)\Common Files\Oracle\Java\javapath;C:\Program Files\Haskell\bin;C:\Program Files\Haskell Platform\8.6.5\lib\extralibs\bin;C:\Program Files\Haskell Platform\8.6.5\bin;C:\WINDOWS\system32;C:\WINDOWS;C:\WINDOWS\System32\Wbem;C:\WINDOWS\System32\WindowsPowerShell\v1.0\;C:\WINDOWS\System32\OpenSSH\;C:\Program Files (x86)\Intel\Intel(R) Management Engine Components\DAL;C:\Program Files\Intel\Intel(R) Management Engine Components\DAL;C:\Program Files (x86)\Intel\Intel(R) Management Engine Components\IPT;C:\Program Files\Intel\Intel(R) Management Engine Components\IPT;C:\Program Files (x86)\Brackets\command;C:\Program Files (x86)\PuTTY\;C:\Program Files\nodejs\;C:\Program Files\Intel\WiFi\bin\;C:\Program Files\Common Files\Intel\WirelessCommon\;C:\Program Files\Haskell Platform\8.6.5\mingw\bin;C:\Program Files\Git\cmd;C:\Program Files\PuTTY\;C:\Users\MAHMUD\AppData\Roaming\cabal\bin;C:\Users\MAHMUD\AppData\Roaming\local\bin;C:\Users\MAHMUD\AppData\Local\Microsoft\WindowsApps;C:\Users\MAHMUD\AppData\Roaming\npm;C:\Users\MAHMUD\AppData\Local\Programs\Microsoft VS Code\bin;C:\Program Files\JetBrains\IntelliJ IDEA Community Edition 2019.2.3\bin;C:\Users\MAHMUD\AppData\Local\Programs\Python\Python38-32;;C:\Program Files\swipl\bin;

Yarn version: 
  1.22.10

Node version: 
  12.4.0

Platform: 
  win32 x64

Trace: 
  Error: https://registry.yarnpkg.com/v1.22.10: Not found
      at Request.params.callback [as _callback] (C:\Users\MAHMUD\AppData\Roaming\npm\node_modules\yarn\lib\cli.js:66988:18)
      at Request.self.callback (C:\Users\MAHMUD\AppData\Roaming\npm\node_modules\yarn\lib\cli.js:140662:22)
      at Request.emit (events.js:200:13)
      at Request.<anonymous> (C:\Users\MAHMUD\AppData\Roaming\npm\node_modules\yarn\lib\cli.js:141634:10)
      at Request.emit (events.js:200:13)
      at IncomingMessage.<anonymous> (C:\Users\MAHMUD\AppData\Roaming\npm\node_modules\yarn\lib\cli.js:141556:12)
      at Object.onceWrapper (events.js:288:20)
      at IncomingMessage.emit (events.js:205:15)
      at endReadableNT (_stream_readable.js:1154:12)
      at processTicksAndRejections (internal/process/task_queues.js:84:9)

npm manifest: 
  No manifest

yarn manifest: 
  No manifest

Lockfile: 
  # THIS IS AN AUTOGENERATED FILE. DO NOT EDIT THIS FILE DIRECTLY.
  # yarn lockfile v1
